<?xml version="1.0" encoding="UTF-8" ?>
<testsuite errors="0" failures="1" hostname="ISPCN-PC" name="converter.ConverterEngineTest" skipped="0" tests="5" time="0.401" timestamp="2016-08-26T11:58:15">
  <properties>
[...]
</properties>
  <testcase classname="converter.ConverterEngineTest" name="testConvertFour" time="0.006" />
  <testcase classname="converter.ConverterEngineTest" name="testConvertNine" time="0.289">
    <failure message="expected:&lt;[IX]&gt; but was:&lt;[VIIII]&gt;" type="junit.framework.AssertionFailedError">junit.framework.AssertionFailedError: expected:&lt;[IX]&gt; but was:&lt;[VIIII]&gt;
	at converter.ConverterEngineTest.testConvertNine(ConverterEngineTest.java:78)
</failure>
  </testcase>
  <testcase classname="converter.ConverterEngineTest" name="testConvertSix" time="0.0" />
  <testcase classname="converter.ConverterEngineTest" name="testConvertExtremes" time="0.001" />
  <testcase classname="converter.ConverterEngineTest" name="testConvertLessOrThree" time="0.001" />
  <system-out><![CDATA[==Initializing Test Converter Engine Class==
=Initializing test case=
FOUR::: Actual IV
=Tearing test case=

=Initializing test case=
NINE::: Actual VIIII
=Tearing test case=

=Initializing test case=
SIX::: Actual VII
=Tearing test case=

=Initializing test case=
EXTREMES::: Actual X
=Tearing test case=

=Initializing test case=
THREEORLESS::: Actual II
=Tearing test case=

==Tearing down Test Converter Engine Class==
]]></system-out>
  <system-err><![CDATA[]]></system-err>
</testsuite>
